# JRE version: Java(TM) SE Runtime Environment (17.0.16+12) (build 17.0.16+12-LTS-247)
# Java VM: Java HotSpot(TM) 64-Bit Server VM (17.0.16+12-LTS-247, mixed mode, sharing, tiered, compressed oops, compressed class ptrs, g1 gc, windows-amd64)
GC Precious Log:
 CPUs: 4 total, 4 available
 Memory: 3979M
 Large Page Support: Disabled
 NUMA Support: Disabled
 Compressed Oops: Enabled (32-bit)
 Heap Region Size: 1M
 Heap Min Capacity: 64M
 Heap Initial Capacity: 64M
 Heap Max Capacity: 64M
 Pre-touch: Disabled
 Parallel Workers: 4
 Concurrent Workers: 1
 Concurrent Refinement Workers: 4
 Periodic GC: Disabled
Heap:
 garbage-first heap   total 65536K, used 21314K [0x00000000fc000000, 0x0000000100000000)
  region size 1024K, 12 young (12288K), 2 survivors (2048K)
 Metaspace       used 9464K, committed 9664K, reserved 1114112K
  class space    used 1224K, committed 1344K, reserved 1048576K
GC Heap History (6 events):
Event: 0.976 GC heap before
{Heap before GC invocations=0 (full 0):
 garbage-first heap   total 65536K, used 12288K [0x00000000fc000000, 0x0000000100000000)
  region size 1024K, 13 young (13312K), 0 survivors (0K)
 Metaspace       used 1839K, committed 1984K, reserved 1114112K
  class space    used 167K, committed 192K, reserved 1048576K
}
Event: 0.983 GC heap after
{Heap after GC invocations=1 (full 0):
 garbage-first heap   total 65536K, used 3156K [0x00000000fc000000, 0x0000000100000000)
  region size 1024K, 2 young (2048K), 2 survivors (2048K)
 Metaspace       used 1839K, committed 1984K, reserved 1114112K
  class space    used 167K, committed 192K, reserved 1048576K
}
Event: 2.230 GC heap before
{Heap before GC invocations=1 (full 0):
 garbage-first heap   total 65536K, used 21588K [0x00000000fc000000, 0x0000000100000000)
  region size 1024K, 17 young (17408K), 2 survivors (2048K)
 Metaspace       used 5002K, committed 5248K, reserved 1114112K
  class space    used 656K, committed 768K, reserved 1048576K
}
Event: 2.235 GC heap after
{Heap after GC invocations=2 (full 0):
 garbage-first heap   total 65536K, used 11031K [0x00000000fc000000, 0x0000000100000000)
  region size 1024K, 3 young (3072K), 3 survivors (3072K)
 Metaspace       used 5002K, committed 5248K, reserved 1114112K
  class space    used 656K, committed 768K, reserved 1048576K
}
Event: 260.449 GC heap before
{Heap before GC invocations=2 (full 0):
 garbage-first heap   total 65536K, used 30487K [0x00000000fc000000, 0x0000000100000000)
  region size 1024K, 22 young (22528K), 3 survivors (3072K)
 Metaspace       used 9456K, committed 9664K, reserved 1114112K
  class space    used 1224K, committed 1344K, reserved 1048576K
}
Event: 260.566 GC heap after
{Heap after GC invocations=3 (full 0):
 garbage-first heap   total 65536K, used 12098K [0x00000000fc000000, 0x0000000100000000)
  region size 1024K, 2 young (2048K), 2 survivors (2048K)
 Metaspace       used 9456K, committed 9664K, reserved 1114112K
  class space    used 1224K, committed 1344K, reserved 1048576K
}

